[debug] > Exec(early(addDefaultCommands), None, None)
[debug] > Exec(addDefaultCommands, None, None)
[debug] > Exec(early(initialize), None, None)
[debug] > Exec(initialize, None, None)
[debug] > Exec(boot, None, None)
[debug] > Exec(writeSbtVersion, None, None)
[warn] No sbt.version set in project/build.properties, base directory: /Users/srinija/Git/ScalaCourse/Day18_19
[debug] > Exec(reload, None, None)
[debug] > Exec(sbtStashOnFailure, None, None)
[debug] > Exec(onFailure loadFailed, None, None)
[debug] > Exec(loadp, None, None)
[info] welcome to sbt 1.10.1 (Homebrew Java 23)
[debug] Load.defaultLoad until apply took 26.788458ms
[debug]     Load.loadUnit: plugins took 21.953541ms
[debug]     Load.loadUnit: defsScala took 0.05175ms
[debug] [Loading] Scanning directory /Users/srinija/Git/ScalaCourse/Day18_19
[debug] [Loading] Found non-root projects 
[debug] [Loading] Done in /Users/srinija/Git/ScalaCourse/Day18_19, returning: ()
[debug] deducing auto plugins based on known facts Set(Atom(sbt.plugins.CorePlugin)) and clauses Clauses(Clause(Atom(sbt.plugins.JvmPlugin),Set(Atom(sbt.plugins.IvyPlugin)))
[debug] Clause(Atom(sbt.ScriptedPlugin),Set(Atom(sbt.plugins.JvmPlugin)))
[debug] Clause(Atom(sbt.plugins.SbtPlugin),Set(Atom(sbt.ScriptedPlugin)))
[debug] Clause(Atom(sbt.plugins.SemanticdbPlugin),Set(Atom(sbt.plugins.JvmPlugin)))
[debug] Clause(Atom(sbt.plugins.JUnitXmlReportPlugin),Set(Atom(sbt.plugins.JvmPlugin)))
[debug] Clause(Atom(sbt.plugins.MiniDependencyTreePlugin),Set(Atom(sbt.plugins.JvmPlugin)))
[debug] Clause(Atom(sbt.plugins.CorePlugin),Set(Atom(sbt.plugins.IvyPlugin)))
[debug] Clause(Atom(sbt.plugins.IvyPlugin),Set(Atom(sbt.plugins.JvmPlugin)))
[debug] Clause(Atom(sbt.plugins.JvmPlugin),Set(Atom(sbt.plugins.SemanticdbPlugin)))
[debug] Clause(Atom(sbt.plugins.JvmPlugin),Set(Atom(sbt.plugins.JUnitXmlReportPlugin)))
[debug] Clause(Atom(sbt.plugins.CorePlugin),Set(Atom(sbt.plugins.Giter8TemplatePlugin)))
[debug] Clause(Atom(sbt.plugins.JvmPlugin),Set(Atom(sbt.plugins.MiniDependencyTreePlugin))))
[debug]   :: deduced result: Matched(sbt.plugins.CorePlugin,sbt.plugins.Giter8TemplatePlugin,sbt.plugins.IvyPlugin,sbt.plugins.JvmPlugin,sbt.plugins.MiniDependencyTreePlugin,sbt.plugins.JUnitXmlReportPlugin,sbt.plugins.SemanticdbPlugin)
[debug] Plugins.deducer#function took 3.950333 ms
[debug]         Load.resolveProject(day18_19) took 13.269416ms
[debug]       Load.loadTransitive: finalizeProject(Project(id day18_19, base: /Users/srinija/Git/ScalaCourse/Day18_19, plugins: List(<none>))) took 24.146ms
[debug] [Loading] Done in /Users/srinija/Git/ScalaCourse/Day18_19, returning: (day18_19)
[debug]     Load.loadUnit: loadedProjectsRaw took 29.097208ms
[debug]     Load.loadUnit: cleanEvalClasses took 0.0515ms
[debug]   Load.loadUnit(file:/Users/srinija/Git/ScalaCourse/Day18_19/, ...) took 52.646667ms
[debug] Load.apply: load took 613.815ms
[debug] Load.apply: resolveProjects took 2.448625ms
[debug] Load.apply: finalTransforms took 25.80125ms
[debug] Load.apply: config.delegates took 1.900208ms
[debug] Load.apply: Def.make(settings)... took 120.428834ms
[debug] Load.apply: structureIndex took 30.804417ms
[debug] Load.apply: mkStreams took 0.404417ms
[info] set current project to day18_19 (in build file:/Users/srinija/Git/ScalaCourse/Day18_19/)
[debug] > Exec(sbtPopOnFailure, None, None)
[debug] > Exec(resumeFromFailure, None, None)
[debug] > Exec(notifyUsersAboutShell, None, None)
[debug] > Exec(iflast shell, None, None)
[debug] > Exec(shell, None, None)
[info] sbt server started at local:///Users/srinija/.sbt/1.0/server/3cbaf62994a17a62eda2/sock
[debug] Writing bsp connection file
[info] started sbt server
