[debug] > Exec(;set _root_.scala.collection.Seq(historyPath := None,shellPrompt := { _ => "" },SettingKey[_root_.scala.Option[_root_.sbt.File]]("sbtStructureOutputFile") in _root_.sbt.Global := _root_.scala.Some(_root_.sbt.file("/private/var/folders/_l/m9s54c097zxd3_pj5pqd_l680000gp/T/sbt-structure.xml")),SettingKey[_root_.java.lang.String]("sbtStructureOptions") in _root_.sbt.Global := "download, resolveSourceClassifiers");apply -cp "/Users/srinija/Library/Application Support/JetBrains/IntelliJIdea2024.2/plugins/Scala/repo/org/jetbrains/scala/sbt-structure-extractor_2.12_1.3/2024.2.2/sbt-structure-extractor-2024.2.2.jar" "org.jetbrains.sbt.CreateTasks" "sbt.jetbrains.LogDownloadArtifacts";preferScala2;*/*:dumpStructure, Some(19014eb4-6e59-41f9-acf3-f1a54eac3255), Some(CommandSource(console0)))
[debug] > Exec(set _root_.scala.collection.Seq(historyPath := None,shellPrompt := { _ => "" },SettingKey[_root_.scala.Option[_root_.sbt.File]]("sbtStructureOutputFile") in _root_.sbt.Global := _root_.scala.Some(_root_.sbt.file("/private/var/folders/_l/m9s54c097zxd3_pj5pqd_l680000gp/T/sbt-structure.xml")),SettingKey[_root_.java.lang.String]("sbtStructureOptions") in _root_.sbt.Global := "download, resolveSourceClassifiers"), None, Some(CommandSource(console0)))
[info] Defining Global / sbtStructureOptions, Global / sbtStructureOutputFile and 1 others.
[info] The new values will be used by cleanKeepGlobs
[info] 	Run `last` for details.
[debug] Defining 
[debug] 	Global / sbtStructureOptions
[debug] 	Global / sbtStructureOutputFile
[debug] 	history
[debug] 	shellPrompt
[debug] 
[debug] The new values will be used by 
[debug] 	cleanKeepGlobs
[info] Reapplying settings...
[info] set current project to day18_19 (in build file:/Users/srinija/Git/ScalaCourse/Day18_19/)
[debug] > Exec(apply -cp "/Users/srinija/Library/Application Support/JetBrains/IntelliJIdea2024.2/plugins/Scala/repo/org/jetbrains/scala/sbt-structure-extractor_2.12_1.3/2024.2.2/sbt-structure-extractor-2024.2.2.jar" "org.jetbrains.sbt.CreateTasks" "sbt.jetbrains.LogDownloadArtifacts", None, Some(CommandSource(console0)))
[info] Applying State transformations org.jetbrains.sbt.CreateTasks, sbt.jetbrains.LogDownloadArtifacts from /Users/srinija/Library/Application Support/JetBrains/IntelliJIdea2024.2/plugins/Scala/repo/org/jetbrains/scala/sbt-structure-extractor_2.12_1.3/2024.2.2/sbt-structure-extractor-2024.2.2.jar
[info] Reapplying settings...
[info] set current project to day18_19 (in build file:/Users/srinija/Git/ScalaCourse/Day18_19/)
[info] Reapplying settings...
[info] set current project to day18_19 (in build file:/Users/srinija/Git/ScalaCourse/Day18_19/)
[debug] > Exec(preferScala2, None, Some(CommandSource(console0)))
[debug] > Exec(*/*:dumpStructure, None, Some(CommandSource(console0)))
[debug] Evaluating tasks: Global / dumpStructure
[warn] sbt 0.13 shell syntax is deprecated; use slash syntax instead: Global / dumpStructure
[debug] Running task... Cancel: Signal, check cycles: false, forcegc: true
[info] downloading https://repo1.maven.org/maven2/org/scala-lang/scala-compiler/2.12.19/scala-compiler-2.12.19-sources.jar
[info] downloading https://repo1.maven.org/maven2/org/scala-lang/scala-library/2.12.19/scala-library-2.12.19-sources.jar
[info] downloading https://repo1.maven.org/maven2/org/scala-lang/scala-reflect/2.12.19/scala-reflect-2.12.19-sources.jar
[info] downloading https://repo1.maven.org/maven2/org/scala-lang/modules/scala-xml_2.12/2.2.0/scala-xml_2.12-2.2.0-sources.jar
